[04.07.2016 01:12:36]  <13> INFO  [UserRepository.CacheDbSaver] Save started
[04.07.2016 01:12:36]  <13> INFO  [UserRepository.CacheDbSaver] Save done
[04.07.2016 01:14:36]  <11> INFO  [UserRepository.CacheDbSaver] Save started
[04.07.2016 01:14:36]  <11> INFO  [UserRepository.CacheDbSaver] Save done
[04.07.2016 01:16:36]  <34> INFO  [UserRepository.CacheDbSaver] Save started
[04.07.2016 01:16:36]  <34> INFO  [UserRepository.CacheDbSaver] Save done
[04.07.2016 01:18:36]  <24> INFO  [UserRepository.CacheDbSaver] Save started
[04.07.2016 01:18:36]  <24> INFO  [UserRepository.CacheDbSaver] Save done
[04.07.2016 01:20:36]  <16> INFO  [UserRepository.CacheDbSaver] Save started
[04.07.2016 01:20:36]  <16> INFO  [UserRepository.CacheDbSaver] Save done
[04.07.2016 01:22:36]  <6> INFO  [UserRepository.CacheDbSaver] Save started
[04.07.2016 01:22:36]  <6> INFO  [UserRepository.CacheDbSaver] Save done
[04.07.2016 01:24:36]  <6> INFO  [UserRepository.CacheDbSaver] Save started
[04.07.2016 01:24:36]  <6> INFO  [UserRepository.CacheDbSaver] Save done
[04.07.2016 01:26:36]  <46> INFO  [UserRepository.CacheDbSaver] Save started
[04.07.2016 01:26:36]  <46> INFO  [UserRepository.CacheDbSaver] Save done
[04.07.2016 01:28:36]  <49> INFO  [UserRepository.CacheDbSaver] Save started
[04.07.2016 01:28:36]  <49> INFO  [UserRepository.CacheDbSaver] Save done
[04.07.2016 01:30:36]  <49> INFO  [UserRepository.CacheDbSaver] Save started
[04.07.2016 01:30:36]  <49> INFO  [UserRepository.CacheDbSaver] Save done
[04.07.2016 01:32:36]  <71> INFO  [UserRepository.CacheDbSaver] Save started
[04.07.2016 01:32:36]  <71> INFO  [UserRepository.CacheDbSaver] Save done
[04.07.2016 01:34:36]  <66> INFO  [UserRepository.CacheDbSaver] Save started
[04.07.2016 01:34:36]  <66> INFO  [UserRepository.CacheDbSaver] Save done
[04.07.2016 01:36:36]  <75> INFO  [UserRepository.CacheDbSaver] Save started
[04.07.2016 01:36:36]  <75> INFO  [UserRepository.CacheDbSaver] Save done
[04.07.2016 01:38:37]  <81> INFO  [UserRepository.CacheDbSaver] Save started
[04.07.2016 01:38:37]  <81> INFO  [UserRepository.CacheDbSaver] Save done
[04.07.2016 01:40:37]  <90> INFO  [UserRepository.CacheDbSaver] Save started
[04.07.2016 01:40:37]  <90> INFO  [UserRepository.CacheDbSaver] Save done
[04.07.2016 01:42:37]  <91> INFO  [UserRepository.CacheDbSaver] Save started
[04.07.2016 01:42:37]  <91> INFO  [UserRepository.CacheDbSaver] Save done
[04.07.2016 01:44:37]  <102> INFO  [UserRepository.CacheDbSaver] Save started
[04.07.2016 01:44:37]  <102> INFO  [UserRepository.CacheDbSaver] Save done
[04.07.2016 01:46:37]  <107> INFO  [UserRepository.CacheDbSaver] Save started
[04.07.2016 01:46:37]  <107> INFO  [UserRepository.CacheDbSaver] Save done
[04.07.2016 12:23:11]  <109> INFO  [UserRepository.CacheDbSaver] Save started
[04.07.2016 12:23:11]  <109> INFO  [UserRepository.CacheDbSaver] Save done
[04.07.2016 12:25:11]  <112> INFO  [UserRepository.CacheDbSaver] Save started
[04.07.2016 12:25:11]  <112> INFO  [UserRepository.CacheDbSaver] Save done
[04.07.2016 12:27:11]  <110> INFO  [UserRepository.CacheDbSaver] Save started
[04.07.2016 12:27:11]  <110> INFO  [UserRepository.CacheDbSaver] Save done
[04.07.2016 12:29:11]  <103> INFO  [UserRepository.CacheDbSaver] Save started
[04.07.2016 12:29:11]  <103> INFO  [UserRepository.CacheDbSaver] Save done
[04.07.2016 12:31:11]  <103> INFO  [UserRepository.CacheDbSaver] Save started
[04.07.2016 12:31:11]  <103> INFO  [UserRepository.CacheDbSaver] Save done
[04.07.2016 12:33:11]  <101> INFO  [UserRepository.CacheDbSaver] Save started
[04.07.2016 12:33:11]  <101> INFO  [UserRepository.CacheDbSaver] Save done
[04.07.2016 12:35:11]  <85> INFO  [UserRepository.CacheDbSaver] Save started
[04.07.2016 12:35:11]  <85> INFO  [UserRepository.CacheDbSaver] Save done
[04.07.2016 12:37:11]  <79> INFO  [UserRepository.CacheDbSaver] Save started
[04.07.2016 12:37:11]  <79> INFO  [UserRepository.CacheDbSaver] Save done
[04.07.2016 12:39:11]  <75> INFO  [UserRepository.CacheDbSaver] Save started
[04.07.2016 12:39:11]  <75> INFO  [UserRepository.CacheDbSaver] Save done
[04.07.2016 12:41:11]  <75> INFO  [UserRepository.CacheDbSaver] Save started
[04.07.2016 12:41:11]  <75> INFO  [UserRepository.CacheDbSaver] Save done
[04.07.2016 12:43:11]  <75> INFO  [UserRepository.CacheDbSaver] Save started
[04.07.2016 12:43:11]  <75> INFO  [UserRepository.CacheDbSaver] Save done
[04.07.2016 12:45:11]  <68> INFO  [UserRepository.CacheDbSaver] Save started
[04.07.2016 12:45:11]  <68> INFO  [UserRepository.CacheDbSaver] Save done
[04.07.2016 12:47:11]  <58> INFO  [UserRepository.CacheDbSaver] Save started
[04.07.2016 12:47:11]  <58> INFO  [UserRepository.CacheDbSaver] Save done
[04.07.2016 12:49:11]  <58> INFO  [UserRepository.CacheDbSaver] Save started
[04.07.2016 12:49:11]  <58> INFO  [UserRepository.CacheDbSaver] Save done
[04.07.2016 12:51:11]  <51> INFO  [UserRepository.CacheDbSaver] Save started
[04.07.2016 12:51:11]  <51> INFO  [UserRepository.CacheDbSaver] Save done
[04.07.2016 12:53:11]  <40> INFO  [UserRepository.CacheDbSaver] Save started
[04.07.2016 12:53:11]  <40> INFO  [UserRepository.CacheDbSaver] Save done
[04.07.2016 12:55:11]  <7> INFO  [UserRepository.CacheDbSaver] Save started
[04.07.2016 12:55:11]  <7> INFO  [UserRepository.CacheDbSaver] Save done
[04.07.2016 12:57:11]  <7> INFO  [UserRepository.CacheDbSaver] Save started
[04.07.2016 12:57:11]  <7> INFO  [UserRepository.CacheDbSaver] Save done
[04.07.2016 12:59:11]  <7> INFO  [UserRepository.CacheDbSaver] Save started
[04.07.2016 12:59:11]  <7> INFO  [UserRepository.CacheDbSaver] Save done
[04.07.2016 13:01:11]  <24> INFO  [UserRepository.CacheDbSaver] Save started
[04.07.2016 13:01:11]  <24> INFO  [UserRepository.CacheDbSaver] Save done
[04.07.2016 13:08:03]  <32> INFO  [UserRepository.CacheDbSaver] Save started
[04.07.2016 13:08:03]  <32> INFO  [UserRepository.CacheDbSaver] Save done
[04.07.2016 13:10:04]  <32> INFO  [UserRepository.CacheDbSaver] Save started
[04.07.2016 13:10:04]  <32> INFO  [UserRepository.CacheDbSaver] Save done
[04.07.2016 13:12:04]  <32> INFO  [UserRepository.CacheDbSaver] Save started
[04.07.2016 13:12:04]  <32> INFO  [UserRepository.CacheDbSaver] Save done
[04.07.2016 13:14:04]  <128> INFO  [UserRepository.CacheDbSaver] Save started
[04.07.2016 13:14:04]  <128> INFO  [UserRepository.CacheDbSaver] Save done
[04.07.2016 13:16:04]  <128> INFO  [UserRepository.CacheDbSaver] Save started
[04.07.2016 13:16:04]  <128> INFO  [UserRepository.CacheDbSaver] Save done
[04.07.2016 13:18:04]  <128> INFO  [UserRepository.CacheDbSaver] Save started
[04.07.2016 13:18:04]  <128> INFO  [UserRepository.CacheDbSaver] Save done
[04.07.2016 13:20:04]  <148> INFO  [UserRepository.CacheDbSaver] Save started
[04.07.2016 13:20:04]  <148> INFO  [UserRepository.CacheDbSaver] Save done
[04.07.2016 13:22:04]  <149> INFO  [UserRepository.CacheDbSaver] Save started
[04.07.2016 13:22:04]  <149> INFO  [UserRepository.CacheDbSaver] Save done
[04.07.2016 13:24:04]  <158> INFO  [UserRepository.CacheDbSaver] Save started
[04.07.2016 13:24:04]  <158> INFO  [UserRepository.CacheDbSaver] Save done
[04.07.2016 13:26:04]  <149> INFO  [UserRepository.CacheDbSaver] Save started
[04.07.2016 13:26:04]  <149> INFO  [UserRepository.CacheDbSaver] Save done
[04.07.2016 13:28:04]  <165> INFO  [UserRepository.CacheDbSaver] Save started
[04.07.2016 13:28:04]  <165> INFO  [UserRepository.CacheDbSaver] Save done
[04.07.2016 13:30:04]  <170> INFO  [UserRepository.CacheDbSaver] Save started
[04.07.2016 13:30:04]  <170> INFO  [UserRepository.CacheDbSaver] Save done
[04.07.2016 13:32:04]  <166> INFO  [UserRepository.CacheDbSaver] Save started
[04.07.2016 13:32:04]  <166> INFO  [UserRepository.CacheDbSaver] Save done
[04.07.2016 13:34:04]  <176> INFO  [UserRepository.CacheDbSaver] Save started
[04.07.2016 13:34:04]  <176> INFO  [UserRepository.CacheDbSaver] Save done
[04.07.2016 13:36:04]  <176> INFO  [UserRepository.CacheDbSaver] Save started
[04.07.2016 13:36:04]  <176> INFO  [UserRepository.CacheDbSaver] Save done
[04.07.2016 13:38:04]  <182> INFO  [UserRepository.CacheDbSaver] Save started
[04.07.2016 13:38:04]  <182> INFO  [UserRepository.CacheDbSaver] Save done
[04.07.2016 13:40:04]  <187> INFO  [UserRepository.CacheDbSaver] Save started
[04.07.2016 13:40:04]  <187> INFO  [UserRepository.CacheDbSaver] Save done
[04.07.2016 13:42:04]  <189> INFO  [UserRepository.CacheDbSaver] Save started
[04.07.2016 13:42:04]  <189> INFO  [UserRepository.CacheDbSaver] Save done
[04.07.2016 13:44:04]  <174> INFO  [UserRepository.CacheDbSaver] Save started
[04.07.2016 13:44:04]  <174> INFO  [UserRepository.CacheDbSaver] Save done
[04.07.2016 13:46:04]  <187> INFO  [UserRepository.CacheDbSaver] Save started
[04.07.2016 13:46:04]  <187> INFO  [UserRepository.CacheDbSaver] Save done
[04.07.2016 13:48:04]  <187> INFO  [UserRepository.CacheDbSaver] Save started
[04.07.2016 13:48:04]  <187> INFO  [UserRepository.CacheDbSaver] Save done
[04.07.2016 13:50:04]  <187> INFO  [UserRepository.CacheDbSaver] Save started
[04.07.2016 13:50:04]  <187> INFO  [UserRepository.CacheDbSaver] Save done
[04.07.2016 13:52:04]  <187> INFO  [UserRepository.CacheDbSaver] Save started
[04.07.2016 13:52:04]  <187> INFO  [UserRepository.CacheDbSaver] Save done
[04.07.2016 13:54:04]  <195> INFO  [UserRepository.CacheDbSaver] Save started
[04.07.2016 13:54:04]  <195> INFO  [UserRepository.CacheDbSaver] Save done
[04.07.2016 13:56:04]  <195> INFO  [UserRepository.CacheDbSaver] Save started
[04.07.2016 13:56:04]  <195> INFO  [UserRepository.CacheDbSaver] Save done
[04.07.2016 13:58:04]  <202> INFO  [UserRepository.CacheDbSaver] Save started
[04.07.2016 13:58:04]  <202> INFO  [UserRepository.CacheDbSaver] Save done
[04.07.2016 14:00:04]  <203> INFO  [UserRepository.CacheDbSaver] Save started
[04.07.2016 14:00:04]  <203> INFO  [UserRepository.CacheDbSaver] Save done
[04.07.2016 15:36:38]  <203> INFO  [UserRepository.CacheDbSaver] Save started
[04.07.2016 15:36:38]  <203> INFO  [UserRepository.CacheDbSaver] Save done
[04.07.2016 20:10:12]  <6> INFO  [UserRepository] User 'edge' added
[04.07.2016 20:10:52]  <26> INFO  [UserRepository] User 'chrome' added
[04.07.2016 20:11:13]  <6> INFO  [UserRepositoryCommiter] Save started
[04.07.2016 20:11:13]  <6> INFO  [UserRepository] Save changes started...
[04.07.2016 20:11:19]  <6> INFO  [UserRepository] Save complete : 0 deleted, 0 updated, 2 inserted
[04.07.2016 20:11:19]  <6> INFO  [UserRepositoryCommiter] Save done
[04.07.2016 20:13:13]  <26> INFO  [UserRepositoryCommiter] Save started
[04.07.2016 20:13:13]  <26> INFO  [UserRepositoryCommiter] Save done
[04.07.2016 20:15:13]  <24> INFO  [UserRepositoryCommiter] Save started
[04.07.2016 20:15:13]  <24> INFO  [UserRepositoryCommiter] Save done
[04.07.2016 20:17:13]  <24> INFO  [UserRepositoryCommiter] Save started
[04.07.2016 20:17:13]  <24> INFO  [UserRepositoryCommiter] Save done
[04.07.2016 20:19:13]  <35> INFO  [UserRepositoryCommiter] Save started
[04.07.2016 20:19:13]  <35> INFO  [UserRepositoryCommiter] Save done
[04.07.2016 20:21:13]  <40> INFO  [UserRepositoryCommiter] Save started
[04.07.2016 20:21:13]  <40> INFO  [UserRepositoryCommiter] Save done
[04.07.2016 20:23:13]  <41> INFO  [UserRepositoryCommiter] Save started
[04.07.2016 20:23:13]  <41> INFO  [UserRepositoryCommiter] Save done
[04.07.2016 20:25:13]  <41> INFO  [UserRepositoryCommiter] Save started
[04.07.2016 20:25:13]  <41> INFO  [UserRepositoryCommiter] Save done
[04.07.2016 20:27:13]  <41> INFO  [UserRepositoryCommiter] Save started
[04.07.2016 20:27:13]  <41> INFO  [UserRepositoryCommiter] Save done
[04.07.2016 20:29:13]  <41> INFO  [UserRepositoryCommiter] Save started
[04.07.2016 20:29:13]  <41> INFO  [UserRepositoryCommiter] Save done
[04.07.2016 20:31:13]  <61> INFO  [UserRepositoryCommiter] Save started
[04.07.2016 20:31:13]  <61> INFO  [UserRepositoryCommiter] Save done
[04.07.2016 20:33:13]  <62> INFO  [UserRepositoryCommiter] Save started
[04.07.2016 20:33:13]  <62> INFO  [UserRepositoryCommiter] Save done
[04.07.2016 21:11:32]  <7> INFO  [UserRepositoryCommiter] Save started
[04.07.2016 21:11:32]  <7> INFO  [UserRepositoryCommiter] Save done
[04.07.2016 22:00:13]  <10> INFO  [UserRepositoryCommiter] Save started
[04.07.2016 22:00:13]  <10> INFO  [UserRepositoryCommiter] Save done
[04.07.2016 22:15:52]  <6> INFO  [UserRepositoryCommiter] Save started
[04.07.2016 22:15:52]  <6> INFO  [UserRepositoryCommiter] Save done
[04.07.2016 22:18:00]  <6> INFO  [UserRepositoryCommiter] Save started
[04.07.2016 22:18:00]  <6> INFO  [UserRepositoryCommiter] Save done
[04.07.2016 22:28:16]  <23> INFO  [UserRepositoryCommiter] Save started
[04.07.2016 22:28:16]  <23> INFO  [UserRepositoryCommiter] Save done
[04.07.2016 22:36:18]  <6> INFO  [UserRepositoryCommiter] Save started
[04.07.2016 22:36:18]  <6> INFO  [UserRepositoryCommiter] Save done
[04.07.2016 22:38:18]  <7> INFO  [UserRepositoryCommiter] Save started
[04.07.2016 22:38:18]  <7> INFO  [UserRepositoryCommiter] Save done
[04.07.2016 22:40:18]  <7> INFO  [UserRepositoryCommiter] Save started
[04.07.2016 22:40:18]  <7> INFO  [UserRepositoryCommiter] Save done
[04.07.2016 22:42:18]  <7> INFO  [UserRepositoryCommiter] Save started
[04.07.2016 22:42:18]  <7> INFO  [UserRepositoryCommiter] Save done
[04.07.2016 22:44:18]  <33> INFO  [UserRepositoryCommiter] Save started
[04.07.2016 22:44:18]  <33> INFO  [UserRepositoryCommiter] Save done
[04.07.2016 22:46:18]  <42> INFO  [UserRepositoryCommiter] Save started
[04.07.2016 22:46:18]  <42> INFO  [UserRepositoryCommiter] Save done
[04.07.2016 23:08:14]  <11> INFO  [UserRepositoryCommiter] Save started
[04.07.2016 23:08:14]  <11> INFO  [UserRepositoryCommiter] Save done
[04.07.2016 23:34:12]  <9> INFO  [UserRepositoryCommiter] Save started
[04.07.2016 23:34:12]  <9> INFO  [UserRepositoryCommiter] Save done
[04.07.2016 23:36:28]  <28> INFO  [UserRepositoryCommiter] Save started
[04.07.2016 23:36:28]  <28> INFO  [UserRepositoryCommiter] Save done
[04.07.2016 23:51:21]  <19> INFO  [UserRepositoryCommiter] Save started
[04.07.2016 23:51:21]  <19> INFO  [UserRepositoryCommiter] Save done
[05.07.2016 00:01:01]  <8> INFO  [UserRepositoryCommiter] Save started
[05.07.2016 00:01:01]  <8> INFO  [UserRepositoryCommiter] Save done
[05.07.2016 00:03:01]  <11> INFO  [UserRepositoryCommiter] Save started
[05.07.2016 00:03:01]  <11> INFO  [UserRepositoryCommiter] Save done
[05.07.2016 00:31:53]  <53> INFO  [UserRepositoryCommiter] Save started
[05.07.2016 00:31:53]  <53> INFO  [UserRepositoryCommiter] Save done
[05.07.2016 00:33:53]  <56> INFO  [UserRepositoryCommiter] Save started
[05.07.2016 00:33:53]  <56> INFO  [UserRepositoryCommiter] Save done
[05.07.2016 00:35:53]  <55> INFO  [UserRepositoryCommiter] Save started
[05.07.2016 00:35:53]  <55> INFO  [UserRepositoryCommiter] Save done
[05.07.2016 00:37:53]  <60> INFO  [UserRepositoryCommiter] Save started
[05.07.2016 00:37:53]  <60> INFO  [UserRepositoryCommiter] Save done
[05.07.2016 00:46:06]  <7> INFO  [UserRepositoryCommiter] Save started
[05.07.2016 00:46:06]  <7> INFO  [UserRepositoryCommiter] Save done
[05.07.2016 00:48:06]  <7> INFO  [UserRepositoryCommiter] Save started
[05.07.2016 00:48:06]  <7> INFO  [UserRepositoryCommiter] Save done
