03.07.2016 19:02:11  [5] INFO DAL.Log - [UserRepository] Starting repository...
03.07.2016 19:02:12  [5] INFO DAL.Log - [UserRepository]File '' not found
03.07.2016 19:02:14  [5] INFO DAL.Log - [UserRepository]New File : 'D:\Sources\MVC_Chat\MVC.Chart\MVC.Chart\bin\ChatUsers.xml'
03.07.2016 19:02:15  [5] INFO DAL.Log - [UserRepository]File 'D:\Sources\MVC_Chat\MVC.Chart\MVC.Chart\bin\ChatUsers.xml' exists
03.07.2016 19:02:16  [5] INFO DAL.Log - [UserRepository]File 'D:\Sources\MVC_Chat\MVC.Chart\MVC.Chart\bin\ChatUsers.xml' has 3 records
03.07.2016 19:02:17  [5] INFO DAL.Log - [UserRepository] Repository started
03.07.2016 19:04:21  [7] INFO DAL.Log - [UserRepository.CacheDbSaver] Save started
03.07.2016 19:04:23  [7] INFO DAL.Log - [UserRepository.CacheDbSaver] Save done
03.07.2016 19:07:15  [6] INFO DAL.Log - [UserRepository.CacheDbSaver] Save started
03.07.2016 19:07:26  [6] INFO DAL.Log - [UserRepository.CacheDbSaver] Save done
03.07.2016 19:08:16  [12] INFO DAL.Log - [UserRepository.CacheDbSaver] Save started
03.07.2016 19:08:16  [12] INFO DAL.Log - [UserRepository.CacheDbSaver] Save done
03.07.2016 19:10:16  [19] INFO DAL.Log - [UserRepository.CacheDbSaver] Save started
03.07.2016 19:10:16  [19] INFO DAL.Log - [UserRepository.CacheDbSaver] Save done
03.07.2016 19:12:16  [31] INFO DAL.Log - [UserRepository.CacheDbSaver] Save started
03.07.2016 19:12:16  [31] INFO DAL.Log - [UserRepository.CacheDbSaver] Save done
03.07.2016 19:14:16  [31] INFO DAL.Log - [UserRepository.CacheDbSaver] Save started
03.07.2016 19:14:16  [31] INFO DAL.Log - [UserRepository.CacheDbSaver] Save done
03.07.2016 19:16:16  [31] INFO DAL.Log - [UserRepository.CacheDbSaver] Save started
03.07.2016 19:16:16  [31] INFO DAL.Log - [UserRepository.CacheDbSaver] Save done
03.07.2016 19:18:16  [41] INFO DAL.Log - [UserRepository.CacheDbSaver] Save started
03.07.2016 19:18:16  [41] INFO DAL.Log - [UserRepository.CacheDbSaver] Save done
03.07.2016 19:20:16  [54] INFO DAL.Log - [UserRepository.CacheDbSaver] Save started
03.07.2016 19:20:16  [54] INFO DAL.Log - [UserRepository.CacheDbSaver] Save done
03.07.2016 19:22:16  [52] INFO DAL.Log - [UserRepository.CacheDbSaver] Save started
03.07.2016 19:22:16  [52] INFO DAL.Log - [UserRepository.CacheDbSaver] Save done
03.07.2016 19:24:16  [54] INFO DAL.Log - [UserRepository.CacheDbSaver] Save started
03.07.2016 19:24:16  [54] INFO DAL.Log - [UserRepository.CacheDbSaver] Save done
03.07.2016 19:26:16  [68] INFO DAL.Log - [UserRepository.CacheDbSaver] Save started
03.07.2016 19:26:16  [68] INFO DAL.Log - [UserRepository.CacheDbSaver] Save done
03.07.2016 19:28:16  [70] INFO DAL.Log - [UserRepository.CacheDbSaver] Save started
03.07.2016 19:28:16  [70] INFO DAL.Log - [UserRepository.CacheDbSaver] Save done
